Experiment Results
==================
Running with matrix size: 4000
Running par_gauss_serial...
Nthreads= 1  ERR= 3.4e-15  INIT:   0.0861s  GAUS:   0.0000s  BSUB:   0.0134s
Running gauss...
Nthreads= 1  ERR= 4.2e-15  INIT:   0.0863s  GAUS:   0.0000s  BSUB:   0.0134s
Running par_gauss...
Nthreads=32  ERR= 3.4e-15  INIT:   0.0100s  GAUS:   0.0000s  BSUB:   0.0360s
------------------------------------
Running with matrix size: 8000
Running par_gauss_serial...
Nthreads= 1  ERR= 3.6e-15  INIT:   0.3504s  GAUS:   0.0000s  BSUB:   0.0668s
Running gauss...
Nthreads= 1  ERR= 4.9e-15  INIT:   0.3412s  GAUS:   0.0000s  BSUB:   0.0671s
Running par_gauss...
Nthreads=32  ERR= 3.6e-15  INIT:   0.0406s  GAUS:   0.0000s  BSUB:   0.0774s
------------------------------------
Running with matrix size: 12000
Running par_gauss_serial...
Nthreads= 1  ERR= 3.6e-15  INIT:   0.7845s  GAUS:   0.0000s  BSUB:   0.1220s
Running gauss...
Nthreads= 1  ERR= 3.8e-15  INIT:   0.7758s  GAUS:   0.0000s  BSUB:   0.1305s
Running par_gauss...
Nthreads=32  ERR= 3.6e-15  INIT:   0.0696s  GAUS:   0.0000s  BSUB:   0.1242s
------------------------------------
Running with matrix size: 16000
Running par_gauss_serial...
Nthreads= 1  ERR= 3.3e-15  INIT:   1.3798s  GAUS:   0.0000s  BSUB:   0.2807s
Running gauss...
Nthreads= 1  ERR= 3.8e-15  INIT:   1.3682s  GAUS:   0.0000s  BSUB:   0.2970s
Running par_gauss...
Nthreads=32  ERR= 3.3e-15  INIT:   0.1125s  GAUS:   0.0000s  BSUB:   0.1693s
------------------------------------
Running with matrix size: 20000
Running par_gauss_serial...
Nthreads= 1  ERR= 3.8e-15  INIT:   2.1523s  GAUS:   0.0000s  BSUB:   0.3613s
Running gauss...
Nthreads= 1  ERR= 4.2e-15  INIT:   2.1330s  GAUS:   0.0000s  BSUB:   0.3417s
Running par_gauss...
Nthreads=32  ERR= 3.8e-15  INIT:   0.1685s  GAUS:   0.0000s  BSUB:   0.2194s
------------------------------------
Running with matrix size: 24000
Running par_gauss_serial...
Nthreads= 1  ERR= 3.8e-15  INIT:   3.0926s  GAUS:   0.0000s  BSUB:   0.6344s
Running gauss...
Nthreads= 1  ERR= 3.8e-15  INIT:   3.0792s  GAUS:   0.0000s  BSUB:   0.6681s
Running par_gauss...
Nthreads=32  ERR= 3.8e-15  INIT:   0.2379s  GAUS:   0.0000s  BSUB:   0.2672s
------------------------------------
Running with matrix size: 28000
Running par_gauss_serial...
Nthreads= 1  ERR= 3.6e-15  INIT:   4.1922s  GAUS:   0.0000s  BSUB:   0.6727s
Running gauss...
Nthreads= 1  ERR= 3.3e-15  INIT:   4.1979s  GAUS:   0.0000s  BSUB:   0.7169s
Running par_gauss...
Nthreads=32  ERR= 3.6e-15  INIT:   0.3242s  GAUS:   0.0000s  BSUB:   0.3527s
------------------------------------
Running with matrix size: 32000
Running par_gauss_serial...
Nthreads= 1  ERR= 5.3e-15  INIT:   5.4890s  GAUS:   0.0000s  BSUB:   3.2542s
Running gauss...
Nthreads= 1  ERR= 4.2e-15  INIT:   5.4766s  GAUS:   0.0000s  BSUB:   3.2530s
Running par_gauss...
Nthreads=32  ERR= 5.3e-15  INIT:   0.4135s  GAUS:   0.0000s  BSUB:   0.4407s
------------------------------------
Running with matrix size: 36000
Running par_gauss_serial...
Nthreads= 1  ERR= 4.7e-15  INIT:   6.9272s  GAUS:   0.0000s  BSUB:   1.1812s
Running gauss...
Nthreads= 1  ERR= 4.3e-15  INIT:   6.9351s  GAUS:   0.0000s  BSUB:   1.2623s
Running par_gauss...
Nthreads=32  ERR= 4.7e-15  INIT:   0.5215s  GAUS:   0.0000s  BSUB:   0.4471s
------------------------------------
Running with matrix size: 40000
Running par_gauss_serial...
Nthreads= 1  ERR= 4.2e-15  INIT:   8.5672s  GAUS:   0.0000s  BSUB:   2.5914s
Running gauss...
Nthreads= 1  ERR= 4.3e-15  INIT:   8.5346s  GAUS:   0.0000s  BSUB:   2.3573s
Running par_gauss...
Nthreads=32  ERR= 4.2e-15  INIT:   0.6519s  GAUS:   0.0000s  BSUB:   0.5467s
------------------------------------
Running with matrix size: 44000
Running par_gauss_serial...
Nthreads= 1  ERR= 4.7e-15  INIT:  10.3613s  GAUS:   0.0000s  BSUB:   2.0235s
Running gauss...
Nthreads= 1  ERR= 3.9e-15  INIT:  10.3584s  GAUS:   0.0000s  BSUB:   2.0263s
Running par_gauss...
Nthreads=32  ERR= 4.7e-15  INIT:   0.7859s  GAUS:   0.0000s  BSUB:   0.6115s
------------------------------------
